0 info it worked if it ends with ok
1 verbose cli [ '/usr/local/bin/node', '/usr/local/bin/npm', 'start' ]
2 info using npm@1.2.18
3 info using node@v0.10.5
4 verbose read json /home/masaya/Documents/program/Machi/package.json
5 verbose run-script [ 'prestart', 'start', 'poststart' ]
6 info prestart Machi@0.0.1
7 info start Machi@0.0.1
8 verbose unsafe-perm in lifecycle true
9 silly exec sh "-c" "coffee -c /js/room.coffee && coffee app.coffee"
10 silly sh,-c,coffee -c /js/room.coffee && coffee app.coffee,/home/masaya/Documents/program/Machi spawning
11 info Machi@0.0.1 Failed to exec start script
12 error Machi@0.0.1 start: `coffee -c /js/room.coffee && coffee app.coffee`
12 error `sh "-c" "coffee -c /js/room.coffee && coffee app.coffee"` failed with 1
13 error Failed at the Machi@0.0.1 start script.
13 error This is most likely a problem with the Machi package,
13 error not with npm itself.
13 error Tell the author that this fails on your system:
13 error     coffee -c /js/room.coffee && coffee app.coffee
13 error You can get their info via:
13 error     npm owner ls Machi
13 error There is likely additional logging output above.
14 error System Linux 3.2.0-65-generic
15 error command "/usr/local/bin/node" "/usr/local/bin/npm" "start"
16 error cwd /home/masaya/Documents/program/Machi
17 error node -v v0.10.5
18 error npm -v 1.2.18
19 error code ELIFECYCLE
20 verbose exit [ 1, true ]
